<?xml version="1.0" encoding="UTF-8"?>
<!-- Generated by org.testng.reporters.JUnitXMLReporter -->
<testsuite hostname="DESKTOP-3AKLKJE" name="test1" tests="6" failures="0" timestamp="29 Jul 2016 07:08:48 GMT" time="84.502" errors="0">
  <testcase name="VerifyImgChcode4Login" time="16.665" classname="test_cases.LoginCase"/>
  <testcase name="VerifyPrompt4Login1" time="9.769" classname="test_cases.LoginCase"/>
  <testcase name="VerifyPrompt4Login2" time="9.824" classname="test_cases.LoginCase"/>
  <testcase name="VerifyPrompt4Login3" time="10.549" classname="test_cases.LoginCase"/>
  <testcase name="VerifyPrompt4Login4" time="10.724" classname="test_cases.LoginCase"/>
  <testcase name="login" time="15.743" classname="test_cases.LoginCase"/>
</testsuite> <!-- test1 -->
